TN:
SF:script/VaultGuard7702.s.sol
DA:8,0
FN:8,VaultGuard7702Script.run
FNDA:0,VaultGuard7702Script.run
DA:9,0
DA:11,0
DA:13,0
FNF:1
FNH:0
LF:4
LH:0
BRF:0
BRH:0
end_of_record
TN:
SF:src/VaultGuard7702.sol
DA:58,268
FN:58,VaultGuard7702.validNonce
FNDA:268,VaultGuard7702.validNonce
DA:59,268
DA:60,1
BRDA:60,0,0,1
DA:61,1
DA:63,267
DA:73,273
FN:73,VaultGuard7702.validDeadline
FNDA:273,VaultGuard7702.validDeadline
DA:75,273
BRDA:75,1,0,1
DA:76,1
DA:92,272
FN:92,VaultGuard7702.validSignatureBytes
FNDA:272,VaultGuard7702.validSignatureBytes
DA:102,272
BRDA:102,2,0,4
DA:103,4
DA:121,1
FN:121,VaultGuard7702.validSignatureVRS
FNDA:1,VaultGuard7702.validSignatureVRS
DA:133,1
BRDA:133,3,0,0
DA:134,0
DA:161,266
FN:161,VaultGuard7702.execute.0
FNDA:266,VaultGuard7702.execute.0
DA:179,266
DA:185,1
FN:185,VaultGuard7702.execute.1
FNDA:1,VaultGuard7702.execute.1
DA:205,1
DA:226,267
FN:226,VaultGuard7702._execute
FNDA:267,VaultGuard7702._execute
DA:230,267
DA:231,267
BRDA:231,4,0,3
DA:234,0
DA:235,0
DA:236,0
DA:240,264
BRDA:240,5,0,252
DA:241,252
DA:244,264
DA:245,0
DA:258,269
FN:258,VaultGuard7702._getStorage
FNDA:269,VaultGuard7702._getStorage
DA:259,269
DA:261,0
DA:272,273
FN:272,VaultGuard7702._buildDomainSeparator
FNDA:273,VaultGuard7702._buildDomainSeparator
DA:273,273
DA:281,273
FN:281,VaultGuard7702._hashTypedDataV4
FNDA:273,VaultGuard7702._hashTypedDataV4
DA:282,273
DA:299,272
FN:299,VaultGuard7702._verifySignature
FNDA:272,VaultGuard7702._verifySignature
DA:309,272
DA:322,272
DA:323,272
DA:325,272
DA:344,1
FN:344,VaultGuard7702._verifySignatureVRS
FNDA:1,VaultGuard7702._verifySignatureVRS
DA:356,1
DA:369,1
DA:370,1
DA:372,1
FNF:12
FNH:12
LF:45
LH:39
BRF:6
BRH:5
end_of_record
TN:
SF:test/VaultGuard7702.t.sol
DA:17,40
FN:17,MockFeeToken.mint
FNDA:40,MockFeeToken.mint
DA:18,40
DA:27,264
FN:27,MockTarget.echo
FNDA:264,MockTarget.echo
DA:28,0
DA:29,0
DA:32,264
FN:32,MockTarget._recordCall
FNDA:264,MockTarget._recordCall
DA:33,264
DA:34,264
DA:35,264
DA:42,2
FN:42,RevertTarget.alwaysRevert
FNDA:2,RevertTarget.alwaysRevert
DA:43,2
DA:48,1
FN:48,ReentrantTarget.reenter
FNDA:1,ReentrantTarget.reenter
DA:49,1
DA:50,1
BRDA:50,0,0,1
DA:52,0
FNF:5
FNH:5
LF:15
LH:12
BRF:1
BRH:1
end_of_record
